<?xml version="1.0" encoding="UTF-8"?><testsuite failures="1" name="cucumber.runtime.formatter.JUnitFormatter" skipped="0" tests="2" time="1043.222476">
<testcase classname="RBL - STP Workflow" name="Scanario_Id_STP" time="1026.470137">
<system-out><![CDATA[Given I am requesting "BaseURI".............................................passed
When I want to "/ILMAPI/LMAPI/ADDTRANSACTIONTEST" and "post" API Request saved in JSON File "Payment_I.json" without charset.passed
When I go to status "/ILMAPI/LMAPI/STATUSCHECKTEST" and "post" API Request saved in JSON File "Status_I.json" without charset.passed
Then I am fetch Status response.............................................passed
When Navigate To Specific RBL Portal........................................passed
Then Login to User Admin Using Following Credentials :......................passed
Then I check a transaction log inquiry using corporate reference number.....passed
Then I check a PPS log inquiry of above transaction, for acknowledgement sent to WU.passed
Then I Check whether the transaction appears in mandate wise Report or transaction count report under MIS.passed
Then I go to Transaction Dashborad for validating response status with application status.passed
Then I am close browser.....................................................passed
]]></system-out>
</testcase>
<testcase classname="RBL - STP Workflow" name="Scanario_Duplicate" time="16.752339">
<failure message="java.net.UnknownHostException: rbllastmile.remit.in&#13;&#10;&#9;at java.net.Inet6AddressImpl.lookupAllHostAddr(Native Method)&#13;&#10;&#9;at java.net.InetAddress$2.lookupAllHostAddr(Unknown Source)&#13;&#10;&#9;at java.net.InetAddress.getAddressesFromNameService(Unknown Source)&#13;&#10;&#9;at java.net.InetAddress.getAllByName0(Unknown Source)&#13;&#10;&#9;at java.net.InetAddress.getAllByName(Unknown Source)&#13;&#10;&#9;at java.net.InetAddress.getAllByName(Unknown Source)&#13;&#10;&#9;at org.apache.http.impl.conn.SystemDefaultDnsResolver.resolve(SystemDefaultDnsResolver.java:44)&#13;&#10;&#9;at org.apache.http.impl.conn.DefaultClientConnectionOperator.resolveHostname(DefaultClientConnectionOperator.java:259)&#13;&#10;&#9;at org.apache.http.impl.conn.DefaultClientConnectionOperator.openConnection(DefaultClientConnectionOperator.java:159)&#13;&#10;&#9;at org.apache.http.impl.conn.ManagedClientConnectionImpl.open(ManagedClientConnectionImpl.java:304)&#13;&#10;&#9;at org.apache.http.impl.client.DefaultRequestDirector.tryConnect(DefaultRequestDirector.java:611)&#13;&#10;&#9;at org.apache.http.impl.client.DefaultRequestDirector.execute(DefaultRequestDirector.java:446)&#13;&#10;&#9;at org.apache.http.impl.client.AbstractHttpClient.doExecute(AbstractHttpClient.java:863)&#13;&#10;&#9;at org.apache.http.impl.client.CloseableHttpClient.execute(CloseableHttpClient.java:82)&#13;&#10;&#9;at org.apache.http.impl.client.CloseableHttpClient.execute(CloseableHttpClient.java:57)&#13;&#10;&#9;at org.apache.http.client.HttpClient$execute$0.call(Unknown Source)&#13;&#10;&#9;at io.restassured.internal.RequestSpecificationImpl$RestAssuredHttpBuilder.doRequest(RequestSpecificationImpl.groovy:2146)&#13;&#10;&#9;at io.restassured.internal.http.HTTPBuilder.post(HTTPBuilder.java:349)&#13;&#10;&#9;at io.restassured.internal.http.HTTPBuilder$post$2.call(Unknown Source)&#13;&#10;&#9;at io.restassured.internal.RequestSpecificationImpl.sendRequest(RequestSpecificationImpl.groovy:1274)&#13;&#10;&#9;at sun.reflect.NativeMethodAccessorImpl.invoke0(Native Method)&#13;&#10;&#9;at sun.reflect.NativeMethodAccessorImpl.invoke(Unknown Source)&#13;&#10;&#9;at sun.reflect.DelegatingMethodAccessorImpl.invoke(Unknown Source)&#13;&#10;&#9;at java.lang.reflect.Method.invoke(Unknown Source)&#13;&#10;&#9;at org.codehaus.groovy.reflection.CachedMethod.invoke(CachedMethod.java:98)&#13;&#10;&#9;at groovy.lang.MetaMethod.doMethodInvoke(MetaMethod.java:325)&#13;&#10;&#9;at groovy.lang.MetaClassImpl.invokeMethod(MetaClassImpl.java:1225)&#13;&#10;&#9;at groovy.lang.MetaClassImpl.invokeMethod(MetaClassImpl.java:1034)&#13;&#10;&#9;at groovy.lang.MetaClassImpl.invokeMethod(MetaClassImpl.java:822)&#13;&#10;&#9;at io.restassured.internal.RequestSpecificationImpl.invokeMethod(RequestSpecificationImpl.groovy)&#13;&#10;&#9;at org.codehaus.groovy.runtime.callsite.PogoInterceptableSite.call(PogoInterceptableSite.java:47)&#13;&#10;&#9;at org.codehaus.groovy.runtime.callsite.AbstractCallSite.call(AbstractCallSite.java:152)&#13;&#10;&#9;at io.restassured.internal.filter.SendRequestFilter.filter(SendRequestFilter.groovy:30)&#13;&#10;&#9;at io.restassured.filter.Filter$filter$0.call(Unknown Source)&#13;&#10;&#9;at org.codehaus.groovy.runtime.callsite.CallSiteArray.defaultCall(CallSiteArray.java:47)&#13;&#10;&#9;at io.restassured.filter.Filter$filter.call(Unknown Source)&#13;&#10;&#9;at io.restassured.internal.filter.FilterContextImpl.next(FilterContextImpl.groovy:72)&#13;&#10;&#9;at io.restassured.filter.time.TimingFilter.filter(TimingFilter.java:56)&#13;&#10;&#9;at io.restassured.filter.Filter$filter.call(Unknown Source)&#13;&#10;&#9;at org.codehaus.groovy.runtime.callsite.CallSiteArray.defaultCall(CallSiteArray.java:47)&#13;&#10;&#9;at io.restassured.filter.Filter$filter.call(Unknown Source)&#13;&#10;&#9;at io.restassured.internal.filter.FilterContextImpl.next(FilterContextImpl.groovy:72)&#13;&#10;&#9;at io.restassured.filter.log.RequestLoggingFilter.filter(RequestLoggingFilter.java:122)&#13;&#10;&#9;at io.restassured.filter.Filter$filter.call(Unknown Source)&#13;&#10;&#9;at org.codehaus.groovy.runtime.callsite.CallSiteArray.defaultCall(CallSiteArray.java:47)&#13;&#10;&#9;at io.restassured.filter.Filter$filter$0.call(Unknown Source)&#13;&#10;&#9;at io.restassured.internal.filter.FilterContextImpl.next(FilterContextImpl.groovy:72)&#13;&#10;&#9;at io.restassured.filter.FilterContext$next.call(Unknown Source)&#13;&#10;&#9;at io.restassured.internal.RequestSpecificationImpl.applyPathParamsAndSendRequest(RequestSpecificationImpl.groovy:1749)&#13;&#10;&#9;at sun.reflect.NativeMethodAccessorImpl.invoke0(Native Method)&#13;&#10;&#9;at sun.reflect.NativeMethodAccessorImpl.invoke(Unknown Source)&#13;&#10;&#9;at sun.reflect.DelegatingMethodAccessorImpl.invoke(Unknown Source)&#13;&#10;&#9;at java.lang.reflect.Method.invoke(Unknown Source)&#13;&#10;&#9;at org.codehaus.groovy.reflection.CachedMethod.invoke(CachedMethod.java:98)&#13;&#10;&#9;at groovy.lang.MetaMethod.doMethodInvoke(MetaMethod.java:325)&#13;&#10;&#9;at groovy.lang.MetaClassImpl.invokeMethod(MetaClassImpl.java:1225)&#13;&#10;&#9;at groovy.lang.MetaClassImpl.invokeMethod(MetaClassImpl.java:1034)&#13;&#10;&#9;at groovy.lang.MetaClassImpl.invokeMethod(MetaClassImpl.java:822)&#13;&#10;&#9;at io.restassured.internal.RequestSpecificationImpl.invokeMethod(RequestSpecificationImpl.groovy)&#13;&#10;&#9;at org.codehaus.groovy.runtime.callsite.PogoInterceptableSite.call(PogoInterceptableSite.java:47)&#13;&#10;&#9;at org.codehaus.groovy.runtime.callsite.PogoInterceptableSite.callCurrent(PogoInterceptableSite.java:57)&#13;&#10;&#9;at org.codehaus.groovy.runtime.callsite.AbstractCallSite.callCurrent(AbstractCallSite.java:185)&#13;&#10;&#9;at io.restassured.internal.RequestSpecificationImpl.applyPathParamsAndSendRequest(RequestSpecificationImpl.groovy:1755)&#13;&#10;&#9;at sun.reflect.NativeMethodAccessorImpl.invoke0(Native Method)&#13;&#10;&#9;at sun.reflect.NativeMethodAccessorImpl.invoke(Unknown Source)&#13;&#10;&#9;at sun.reflect.DelegatingMethodAccessorImpl.invoke(Unknown Source)&#13;&#10;&#9;at java.lang.reflect.Method.invoke(Unknown Source)&#13;&#10;&#9;at org.codehaus.groovy.reflection.CachedMethod.invoke(CachedMethod.java:98)&#13;&#10;&#9;at groovy.lang.MetaMethod.doMethodInvoke(MetaMethod.java:325)&#13;&#10;&#9;at groovy.lang.MetaClassImpl.invokeMethod(MetaClassImpl.java:1225)&#13;&#10;&#9;at groovy.lang.MetaClassImpl.invokeMethod(MetaClassImpl.java:1034)&#13;&#10;&#9;at groovy.lang.MetaClassImpl.invokeMethod(MetaClassImpl.java:822)&#13;&#10;&#9;at io.restassured.internal.RequestSpecificationImpl.invokeMethod(RequestSpecificationImpl.groovy)&#13;&#10;&#9;at org.codehaus.groovy.runtime.callsite.PogoInterceptableSite.call(PogoInterceptableSite.java:47)&#13;&#10;&#9;at org.codehaus.groovy.runtime.callsite.PogoInterceptableSite.callCurrent(PogoInterceptableSite.java:57)&#13;&#10;&#9;at org.codehaus.groovy.runtime.callsite.AbstractCallSite.callCurrent(AbstractCallSite.java:185)&#13;&#10;&#9;at io.restassured.internal.RequestSpecificationImpl.post(RequestSpecificationImpl.groovy:175)&#13;&#10;&#9;at io.restassured.internal.RequestSpecificationImpl.post(RequestSpecificationImpl.groovy)&#13;&#10;&#9;at com.rbl.util.RestAssuredCode.restApiHit(RestAssuredCode.java:54)&#13;&#10;&#9;at com.stepDefinition.API.RBL.RBLStepDefinition.i_want_to_and_API_Request_saved_in_JSON_File_with_duplicate_data(RBLStepDefinition.java:468)&#13;&#10;&#9;at ✽.I want to &quot;/ILMAPI/LMAPI/ADDTRANSACTIONTEST&quot; and &quot;post&quot; API Request saved in JSON File &quot;Payment_I.json&quot; with duplicate data(src/test/java/com/features/rbl/RBLApi.feature:71)&#13;&#10;"><![CDATA[Given I am requesting "BaseURI".............................................passed
When I want to "/ILMAPI/LMAPI/ADDTRANSACTIONTEST" and "post" API Request saved in JSON File "Payment_I.json" with duplicate data.failed
Then I am validating object "[0].ErrorDesc" for String value "Duplicate Transaction Id"..skipped
When I go to status "/ILMAPI/LMAPI/STATUSCHECKTEST" and "post" API Request saved in JSON File "Status_I.json" without charset.skipped
Then I am fetch Status response.............................................skipped
When Navigate To Specific RBL Portal........................................skipped
Then Login to User Admin Using Following Credentials :......................skipped
Then I check a transaction log inquiry using corporate reference number.....skipped
Then I check a PPS log inquiry of above transaction, for acknowledgement sent to WU.skipped
Then I Check whether the transaction appears in mandate wise Report or transaction count report under MIS.skipped
Then I go to Transaction Dashborad for validating response status with application status.skipped
Then I am close browser.....................................................skipped

StackTrace:
java.net.UnknownHostException: rbllastmile.remit.in
	at java.net.Inet6AddressImpl.lookupAllHostAddr(Native Method)
	at java.net.InetAddress$2.lookupAllHostAddr(Unknown Source)
	at java.net.InetAddress.getAddressesFromNameService(Unknown Source)
	at java.net.InetAddress.getAllByName0(Unknown Source)
	at java.net.InetAddress.getAllByName(Unknown Source)
	at java.net.InetAddress.getAllByName(Unknown Source)
	at org.apache.http.impl.conn.SystemDefaultDnsResolver.resolve(SystemDefaultDnsResolver.java:44)
	at org.apache.http.impl.conn.DefaultClientConnectionOperator.resolveHostname(DefaultClientConnectionOperator.java:259)
	at org.apache.http.impl.conn.DefaultClientConnectionOperator.openConnection(DefaultClientConnectionOperator.java:159)
	at org.apache.http.impl.conn.ManagedClientConnectionImpl.open(ManagedClientConnectionImpl.java:304)
	at org.apache.http.impl.client.DefaultRequestDirector.tryConnect(DefaultRequestDirector.java:611)
	at org.apache.http.impl.client.DefaultRequestDirector.execute(DefaultRequestDirector.java:446)
	at org.apache.http.impl.client.AbstractHttpClient.doExecute(AbstractHttpClient.java:863)
	at org.apache.http.impl.client.CloseableHttpClient.execute(CloseableHttpClient.java:82)
	at org.apache.http.impl.client.CloseableHttpClient.execute(CloseableHttpClient.java:57)
	at org.apache.http.client.HttpClient$execute$0.call(Unknown Source)
	at io.restassured.internal.RequestSpecificationImpl$RestAssuredHttpBuilder.doRequest(RequestSpecificationImpl.groovy:2146)
	at io.restassured.internal.http.HTTPBuilder.post(HTTPBuilder.java:349)
	at io.restassured.internal.http.HTTPBuilder$post$2.call(Unknown Source)
	at io.restassured.internal.RequestSpecificationImpl.sendRequest(RequestSpecificationImpl.groovy:1274)
	at sun.reflect.NativeMethodAccessorImpl.invoke0(Native Method)
	at sun.reflect.NativeMethodAccessorImpl.invoke(Unknown Source)
	at sun.reflect.DelegatingMethodAccessorImpl.invoke(Unknown Source)
	at java.lang.reflect.Method.invoke(Unknown Source)
	at org.codehaus.groovy.reflection.CachedMethod.invoke(CachedMethod.java:98)
	at groovy.lang.MetaMethod.doMethodInvoke(MetaMethod.java:325)
	at groovy.lang.MetaClassImpl.invokeMethod(MetaClassImpl.java:1225)
	at groovy.lang.MetaClassImpl.invokeMethod(MetaClassImpl.java:1034)
	at groovy.lang.MetaClassImpl.invokeMethod(MetaClassImpl.java:822)
	at io.restassured.internal.RequestSpecificationImpl.invokeMethod(RequestSpecificationImpl.groovy)
	at org.codehaus.groovy.runtime.callsite.PogoInterceptableSite.call(PogoInterceptableSite.java:47)
	at org.codehaus.groovy.runtime.callsite.AbstractCallSite.call(AbstractCallSite.java:152)
	at io.restassured.internal.filter.SendRequestFilter.filter(SendRequestFilter.groovy:30)
	at io.restassured.filter.Filter$filter$0.call(Unknown Source)
	at org.codehaus.groovy.runtime.callsite.CallSiteArray.defaultCall(CallSiteArray.java:47)
	at io.restassured.filter.Filter$filter.call(Unknown Source)
	at io.restassured.internal.filter.FilterContextImpl.next(FilterContextImpl.groovy:72)
	at io.restassured.filter.time.TimingFilter.filter(TimingFilter.java:56)
	at io.restassured.filter.Filter$filter.call(Unknown Source)
	at org.codehaus.groovy.runtime.callsite.CallSiteArray.defaultCall(CallSiteArray.java:47)
	at io.restassured.filter.Filter$filter.call(Unknown Source)
	at io.restassured.internal.filter.FilterContextImpl.next(FilterContextImpl.groovy:72)
	at io.restassured.filter.log.RequestLoggingFilter.filter(RequestLoggingFilter.java:122)
	at io.restassured.filter.Filter$filter.call(Unknown Source)
	at org.codehaus.groovy.runtime.callsite.CallSiteArray.defaultCall(CallSiteArray.java:47)
	at io.restassured.filter.Filter$filter$0.call(Unknown Source)
	at io.restassured.internal.filter.FilterContextImpl.next(FilterContextImpl.groovy:72)
	at io.restassured.filter.FilterContext$next.call(Unknown Source)
	at io.restassured.internal.RequestSpecificationImpl.applyPathParamsAndSendRequest(RequestSpecificationImpl.groovy:1749)
	at sun.reflect.NativeMethodAccessorImpl.invoke0(Native Method)
	at sun.reflect.NativeMethodAccessorImpl.invoke(Unknown Source)
	at sun.reflect.DelegatingMethodAccessorImpl.invoke(Unknown Source)
	at java.lang.reflect.Method.invoke(Unknown Source)
	at org.codehaus.groovy.reflection.CachedMethod.invoke(CachedMethod.java:98)
	at groovy.lang.MetaMethod.doMethodInvoke(MetaMethod.java:325)
	at groovy.lang.MetaClassImpl.invokeMethod(MetaClassImpl.java:1225)
	at groovy.lang.MetaClassImpl.invokeMethod(MetaClassImpl.java:1034)
	at groovy.lang.MetaClassImpl.invokeMethod(MetaClassImpl.java:822)
	at io.restassured.internal.RequestSpecificationImpl.invokeMethod(RequestSpecificationImpl.groovy)
	at org.codehaus.groovy.runtime.callsite.PogoInterceptableSite.call(PogoInterceptableSite.java:47)
	at org.codehaus.groovy.runtime.callsite.PogoInterceptableSite.callCurrent(PogoInterceptableSite.java:57)
	at org.codehaus.groovy.runtime.callsite.AbstractCallSite.callCurrent(AbstractCallSite.java:185)
	at io.restassured.internal.RequestSpecificationImpl.applyPathParamsAndSendRequest(RequestSpecificationImpl.groovy:1755)
	at sun.reflect.NativeMethodAccessorImpl.invoke0(Native Method)
	at sun.reflect.NativeMethodAccessorImpl.invoke(Unknown Source)
	at sun.reflect.DelegatingMethodAccessorImpl.invoke(Unknown Source)
	at java.lang.reflect.Method.invoke(Unknown Source)
	at org.codehaus.groovy.reflection.CachedMethod.invoke(CachedMethod.java:98)
	at groovy.lang.MetaMethod.doMethodInvoke(MetaMethod.java:325)
	at groovy.lang.MetaClassImpl.invokeMethod(MetaClassImpl.java:1225)
	at groovy.lang.MetaClassImpl.invokeMethod(MetaClassImpl.java:1034)
	at groovy.lang.MetaClassImpl.invokeMethod(MetaClassImpl.java:822)
	at io.restassured.internal.RequestSpecificationImpl.invokeMethod(RequestSpecificationImpl.groovy)
	at org.codehaus.groovy.runtime.callsite.PogoInterceptableSite.call(PogoInterceptableSite.java:47)
	at org.codehaus.groovy.runtime.callsite.PogoInterceptableSite.callCurrent(PogoInterceptableSite.java:57)
	at org.codehaus.groovy.runtime.callsite.AbstractCallSite.callCurrent(AbstractCallSite.java:185)
	at io.restassured.internal.RequestSpecificationImpl.post(RequestSpecificationImpl.groovy:175)
	at io.restassured.internal.RequestSpecificationImpl.post(RequestSpecificationImpl.groovy)
	at com.rbl.util.RestAssuredCode.restApiHit(RestAssuredCode.java:54)
	at com.stepDefinition.API.RBL.RBLStepDefinition.i_want_to_and_API_Request_saved_in_JSON_File_with_duplicate_data(RBLStepDefinition.java:468)
	at ✽.I want to "/ILMAPI/LMAPI/ADDTRANSACTIONTEST" and "post" API Request saved in JSON File "Payment_I.json" with duplicate data(src/test/java/com/features/rbl/RBLApi.feature:71)
]]></failure>
</testcase>
</testsuite>
