<?xml version="1.0" encoding="UTF-8"?>
<!-- Generated by org.testng.reporters.JUnitXMLReporter -->
<testsuite hostname="AQMIT-LPT-10783" failures="1" tests="1" name="Default test" time="5.174" errors="0" timestamp="26 Sep 2022 05:43:35 GMT">
  <testcase classname="com.TestLauncher.TestRunner" name="runScenario" time="2.128">
    <failure type="java.lang.NullPointerException" message="Cannot invoke &amp;quot;String.equals(Object)&amp;quot; because &amp;quot;this.testData&amp;quot; is null">
      <![CDATA[java.lang.NullPointerException: Cannot invoke "String.equals(Object)" because "this.testData" is null
	at com.stepDefinition.IMPS.IMPS_Json.create_Input_File_for_json_from_Excel_Sheet(IMPS_Json.java:153)
	at ✽.Create Input File for json from Excel Sheet(src/test/java/com/feature/IMPS/FundTransfer_IMPS_Feature.feature:8)
]]>
    </failure>
  </testcase> <!-- runScenario -->
</testsuite> <!-- Default test -->
