<?xml version="1.0" encoding="UTF-8"?><testsuite failures="0" name="cucumber.runtime.formatter.JUnitFormatter" skipped="0" tests="1" time="11.113466">
<testcase classname="RBL - STP Workflow" name="Scanario_Technical_Error" time="11.113466">
<system-out><![CDATA[Given I am requesting "BaseURI".............................................passed
When I want to "/ILMAPI/LMAPI/ADDTRANSACTIONTEST" and "post" API Request saved in JSON File "TechnicalError.json" without charset.passed
Then I am validating object "ErrorDesc" for String value "Technical Failure"..passed
Then I am close browser.....................................................passed
]]></system-out>
</testcase>
</testsuite>
