<?xml version="1.0" encoding="UTF-8"?><testsuite failures="0" name="cucumber.runtime.formatter.JUnitFormatter" skipped="0" tests="4" time="35.900888">
<testcase classname="RBL End To End flow" name="Scanario_Id_STP_FT_001" time="12.525869">
<system-out><![CDATA[Given I am requesting "BaseURI".............................................passed
When I want to payment api with "I","23","112101505172011","SIMB0002233" option without charset.passed
Then I want to status api with "I" option without charset...................passed
Then I am close browser.....................................................passed
]]></system-out>
</testcase>
<testcase classname="RBL End To End flow" name="Scanario_Id_STP_FT_001_2" time="7.478669">
<system-out><![CDATA[Given I am requesting "BaseURI".............................................passed
When I want to payment api with "R","200010","409000015845","ICIC0000555" option without charset.passed
Then I want to status api with "R" option without charset...................passed
Then I am close browser.....................................................passed
]]></system-out>
</testcase>
<testcase classname="RBL End To End flow" name="Scanario_Id_STP_FT_001_3" time="7.914804">
<system-out><![CDATA[Given I am requesting "BaseURI".............................................passed
When I want to payment api with "N","23","409000015845","ICIC0000555" option without charset.passed
Then I want to status api with "N" option without charset...................passed
Then I am close browser.....................................................passed
]]></system-out>
</testcase>
<testcase classname="RBL End To End flow" name="Scanario_Id_STP_FT_001_4" time="7.981546">
<system-out><![CDATA[Given I am requesting "BaseURI".............................................passed
When I want to payment api with "D","23","409000015845","RATN0000001" option without charset.passed
Then I want to status api with "D" option without charset...................passed
Then I am close browser.....................................................passed
]]></system-out>
</testcase>
</testsuite>
