<?xml version="1.0" encoding="UTF-8"?><testsuite failures="0" name="cucumber.runtime.formatter.JUnitFormatter" skipped="0" tests="4" time="37.440008">
<testcase classname="RBL - STP Workflow" name="Scanario_Id_STP" time="12.078436">
<system-out><![CDATA[Given I am requesting "BaseURI".............................................passed
When I want to payment api with "I","2300","112101505172011","SIMB0002233" option without charset.passed
Then I want to status api with "I" option without charset...................passed
Then I am close browser.....................................................passed
]]></system-out>
</testcase>
<testcase classname="RBL - STP Workflow" name="Scanario_Id_STP_2" time="8.560085">
<system-out><![CDATA[Given I am requesting "BaseURI".............................................passed
When I want to payment api with "R","200010","409000015845","ICIC0000555" option without charset.passed
Then I want to status api with "R" option without charset...................passed
Then I am close browser.....................................................passed
]]></system-out>
</testcase>
<testcase classname="RBL - STP Workflow" name="Scanario_Id_STP_3" time="8.158067">
<system-out><![CDATA[Given I am requesting "BaseURI".............................................passed
When I want to payment api with "N","2300","409000015845","ICIC0000555" option without charset.passed
Then I want to status api with "N" option without charset...................passed
Then I am close browser.....................................................passed
]]></system-out>
</testcase>
<testcase classname="RBL - STP Workflow" name="Scanario_Id_STP_4" time="8.64342">
<system-out><![CDATA[Given I am requesting "BaseURI".............................................passed
When I want to payment api with "D","2300","409000015845","RATN0000001" option without charset.passed
Then I want to status api with "D" option without charset...................passed
Then I am close browser.....................................................passed
]]></system-out>
</testcase>
</testsuite>
