<?xml version="1.0" encoding="UTF-8"?>
<!-- Generated by org.testng.reporters.JUnitReportReporter -->
<testsuite hostname="AQMIT-LPT-10783" failures="0" tests="1" name="com.TestLauncher.TestRunner" time="2.128" errors="1" timestamp="26 Sep 2022 05:43:35 GMT">
  <testcase classname="com.TestLauncher.TestRunner" name="runScenario" time="2.128">
    <error message="Cannot invoke &quot;String.equals(Object)&quot; because &quot;this.testData&quot; is null" type="java.lang.NullPointerException">
      <![CDATA[java.lang.NullPointerException: Cannot invoke "String.equals(Object)" because "this.testData" is null
	at com.stepDefinition.IMPS.IMPS_Json.create_Input_File_for_json_from_Excel_Sheet(IMPS_Json.java:153)
	at ✽.Create Input File for json from Excel Sheet(src/test/java/com/feature/IMPS/FundTransfer_IMPS_Feature.feature:8)
]]>
    </error>
  </testcase> <!-- runScenario -->
</testsuite> <!-- com.TestLauncher.TestRunner -->
